Build started 17/07/2024 10:15:49.
     1>Project "E:\LuuDuLieuSinhVien\2033210535_TangPhuocDang\timKiemNhiPhan\timKiemNhiPhan\timKiemNhiPhan.vcxproj" on node 2 (Build target(s)).
     1>ClCompile:
         C:\Program Files (x86)\Microsoft Visual Studio 12.0\VC\bin\CL.exe /c /ZI /nologo /W3 /WX- /sdl /Od /Oy- /D _MBCS /Gm /EHsc /RTC1 /MDd /GS /fp:precise /Zc:wchar_t /Zc:forScope /Fo"Debug\\" /Fd"Debug\vc120.pdb" /Gd /TP /analyze- /errorReport:prompt timKiemNhiPhan.cpp
         timKiemNhiPhan.cpp
     1>e:\luudulieusinhvien\2033210535_tangphuocdang\timkiemnhiphan\timkiemnhiphan\timkiemnhiphan.cpp(36): warning C4566: character represented by universal-character-name '\u1EA7' cannot be represented in the current code page (1252)
     1>e:\luudulieusinhvien\2033210535_tangphuocdang\timkiemnhiphan\timkiemnhiphan\timkiemnhiphan.cpp(36): warning C4566: character represented by universal-character-name '\u1EED' cannot be represented in the current code page (1252)
     1>e:\luudulieusinhvien\2033210535_tangphuocdang\timkiemnhiphan\timkiemnhiphan\timkiemnhiphan.cpp(36): warning C4566: character represented by universal-character-name '\u1EA5' cannot be represented in the current code page (1252)
     1>e:\luudulieusinhvien\2033210535_tangphuocdang\timkiemnhiphan\timkiemnhiphan\timkiemnhiphan.cpp(36): warning C4566: character represented by universal-character-name '\u1EA1' cannot be represented in the current code page (1252)
     1>e:\luudulieusinhvien\2033210535_tangphuocdang\timkiemnhiphan\timkiemnhiphan\timkiemnhiphan.cpp(36): warning C4566: character represented by universal-character-name '\u1ECB' cannot be represented in the current code page (1252)
     1>e:\luudulieusinhvien\2033210535_tangphuocdang\timkiemnhiphan\timkiemnhiphan\timkiemnhiphan.cpp(39): warning C4566: character represented by universal-character-name '\u1EA7' cannot be represented in the current code page (1252)
     1>e:\luudulieusinhvien\2033210535_tangphuocdang\timkiemnhiphan\timkiemnhiphan\timkiemnhiphan.cpp(39): warning C4566: character represented by universal-character-name '\u1EED' cannot be represented in the current code page (1252)
     1>e:\luudulieusinhvien\2033210535_tangphuocdang\timkiemnhiphan\timkiemnhiphan\timkiemnhiphan.cpp(39): warning C4566: character represented by universal-character-name '\u1EA5' cannot be represented in the current code page (1252)
     1>e:\luudulieusinhvien\2033210535_tangphuocdang\timkiemnhiphan\timkiemnhiphan\timkiemnhiphan.cpp(39): warning C4566: character represented by universal-character-name '\u1EA3' cannot be represented in the current code page (1252)
       Link:
         C:\Program Files (x86)\Microsoft Visual Studio 12.0\VC\bin\link.exe /ERRORREPORT:PROMPT /OUT:"E:\LuuDuLieuSinhVien\2033210535_TangPhuocDang\timKiemNhiPhan\Debug\timKiemNhiPhan.exe" /INCREMENTAL /NOLOGO kernel32.lib user32.lib gdi32.lib winspool.lib comdlg32.lib advapi32.lib shell32.lib ole32.lib oleaut32.lib uuid.lib odbc32.lib odbccp32.lib /MANIFEST /MANIFESTUAC:"level='asInvoker' uiAccess='false'" /manifest:embed /DEBUG /PDB:"E:\LuuDuLieuSinhVien\2033210535_TangPhuocDang\timKiemNhiPhan\Debug\timKiemNhiPhan.pdb" /TLBID:1 /DYNAMICBASE /NXCOMPAT /IMPLIB:"E:\LuuDuLieuSinhVien\2033210535_TangPhuocDang\timKiemNhiPhan\Debug\timKiemNhiPhan.lib" /MACHINE:X86 Debug\timKiemNhiPhan.obj
         timKiemNhiPhan.vcxproj -> E:\LuuDuLieuSinhVien\2033210535_TangPhuocDang\timKiemNhiPhan\Debug\timKiemNhiPhan.exe
     1>Done Building Project "E:\LuuDuLieuSinhVien\2033210535_TangPhuocDang\timKiemNhiPhan\timKiemNhiPhan\timKiemNhiPhan.vcxproj" (Build target(s)).

Build succeeded.

Time Elapsed 00:00:01.39
